<?xml version="1.0" encoding="UTF-8"?>
<testng-results ignored="0" total="0" passed="0" failed="0" skipped="0">
  <reporter-output>
  </reporter-output>
  <suite started-at="2025-03-03T19:58:53 UYT" name="Surefire suite" finished-at="2025-03-03T19:59:00 UYT" duration-ms="7391">
    <groups>
    </groups>
    <test started-at="2025-03-03T19:58:53 UYT" name="Surefire test" finished-at="2025-03-03T19:59:00 UYT" duration-ms="7391">
    </test> <!-- Surefire test -->
  </suite> <!-- Surefire suite -->
</testng-results>
